2:The Project Gutenberg EBook of Moby Dick; or The Whale, by Herman
11:Title: Moby Dick; or The Whale
22:*** START OF THIS PROJECT GUTENBERG EBOOK MOBY DICK; OR THE WHALE ***
33:MOBY-DICK;
127:CHAPTER 41. Moby Dick.
6738:some call Moby Dick.”
6740:“Moby Dick?” shouted Ahab. “Do ye know the white whale then, Tash?”
6757:split jib in a squall. Death and devils! men, it is Moby Dick ye have
6758:seen—Moby Dick—Moby Dick!”
6763:Ahab, I have heard of Moby Dick—but it was not Moby Dick that took off
6767:hearties all round; it was Moby Dick that dismasted me; Moby Dick that
6782:Moby Dick!”
6787:game for Moby Dick?”
6923:deathful whaleboat’s bow—Death to Moby Dick! God hunt us all, if we do
6924:not hunt Moby Dick to his death!” The long, barbed steel goblets were
7264:CHAPTER 41. Moby Dick.
7288:concerning Moby Dick. It was hardly to be doubted, that several vessels
7294:than Moby Dick. Yet as of late the Sperm Whale fishery had been marked
7297:accident ignorantly gave battle to Moby Dick; such hunters, perhaps,
7311:piling their terrors upon Moby Dick; those things had gone far to shake
7340:eventually invested Moby Dick with new terrors unborrowed from anything
7381:of the fishermen recalled, in reference to Moby Dick, the earlier days
7391:were ready to give chase to Moby Dick; and a still greater number who,
7399:the unearthly conceit that Moby Dick was ubiquitous; that he had
7434:should go still further in their superstitions; declaring Moby Dick not
7486:his sickle-shaped lower jaw beneath him, Moby Dick had reaped away
7505:Ahab, were visibly personified, and made practically assailable in Moby
7627:Aside from those more obvious considerations touching Moby Dick, which
8121:though Moby Dick had in a former year been seen, for example, on what
8136:Moby Dick had been periodically descried, lingering in those waters for
8164:might blow Moby Dick into the devious zig-zag world-circle of the
8172:snow-white brow of Moby Dick, and his snow-white hump, could not but be
8320:fishery, they might scout at Moby Dick as a monstrous fable, or still
8554:thoughts and actions ever had in view the ultimate capture of Moby
8585:insanity of Ahab respecting Moby Dick was noways more significantly
8593:than Moby Dick. For however eagerly and impetuously the savage crew had
8608:the love of it they give chase to Moby Dick, they must also have food
9294:the ultimate chase of Moby Dick; for he had already revealed his
9398:one self-same whale; and that whale, Moby Dick. For a time, there
9715:strong news of Moby Dick. To some the general interest in the White
10349:she rolls! there she rolls!’ Jesu, what a whale! It was Moby Dick.
10351:“‘Moby Dick!’ cried Don Sebastian; ‘St. Dominic! Sir sailor, but do
10352:whales have christenings? Whom call you Moby Dick?’
10394:veil, wildly seeking to remove himself from the eye of Moby Dick. But
10403:cut it; and the whale was free. But, at some distance, Moby Dick rose
11049:and silently gleamed. It seemed not a whale; and yet is this Moby Dick?
11073:moment all thoughts of Moby Dick, we now gazed at the most wondrous
11085:exclaimed—“Almost rather had I seen Moby Dick and fought him, than to
11592:reminded him that Moby Dick was yet to be slain; and though a thousand
12498:concerning Moby Dick; not, however, without frequent interruptions from
12504:Moby Dick, and the havoc he had made. Greedily sucking in this
12509:year or two afterwards, Moby Dick was fairly sighted from the
12879:he’ll surrender Moby Dick.”
14868:else foiled in his pursuit, firmly counted upon giving battle to Moby
14945:number. And who could tell whether, in that congregated caravan, Moby
15761:“The _White_ Whale—a Sperm Whale—Moby Dick, have ye seen him?
17096:Moby Dick—as some call him—and then I knew it was he.”
17105:this other arm? And I’m thinking Moby Dick doesn’t bite so much as he
19108:pledges that I shall yet slay Moby Dick and survive it.”
19154:this moment living? Where is Moby Dick? This instant thou must be
19274:from the eastward, the very course Ahab is to run for Moby Dick? the
19634:doom,—_that’s_ fair for Moby Dick. It’s a fair wind that’s only fair
19677:“Stern all! Oh Moby Dick, I clutch thy heart at last!”
20225:of Moby Dick had suddenly loomed up out of the water, not very far to
20407:Moby Dick;—and now that all his successive meetings with various ships
20718:chase to Moby Dick. That hazard shall not be thine. No, no! not with
20815:Moby Dick!”
20897:waves whose hand-clappings were suspended by exceeding rapture, Moby
20908:the three boats now stilly floated, awaiting Moby Dick’s reappearance.
20927:undiscoverable bottom. It was Moby Dick’s open mouth and scrolled jaw;
20938:under water. But as if perceiving this stratagem, Moby Dick, with that
20981:Ripplingly withdrawing from his prey, Moby Dick now lay at a little
20997:But soon resuming his horizontal attitude, Moby Dick swam swiftly round
21022:the”—but that moment a breaking sea dashed on him from Moby Dick, and
21078:albatross; the Pequod bore down in the leeward wake of Moby-Dick. At
21247:“Sway me up, men; ye have been deceived; not Moby Dick casts one odd
21256:than the place of the imaginary jet, less than a mile ahead—Moby Dick
21275:“Aye, breach your last to the sun, Moby Dick!” cried Ahab, “thy hour
21289:assailant himself, Moby Dick had turned, and was now coming for the
21454:then rise again, to sink for evermore. So with Moby Dick—two days he’s
21562:“Forehead to forehead I meet thee, this third time, Moby Dick! On deck
21693:him, Moby Dick seemed combinedly possessed by all the angels that fell
21724:had been but a stage in his leeward voyage, Moby Dick was now again
21732:day, to desist. See! Moby Dick seeks thee not. It is thou, thou, that
21782:into a morass, Moby Dick sideways writhed; spasmodically rolled his
21970:End of Project Gutenberg’s Moby Dick; or The Whale, by Herman Melville
21972:*** END OF THIS PROJECT GUTENBERG EBOOK MOBY DICK; OR THE WHALE ***
Found 87 occurrences of "moby"
